This is pdfTeX, Version 3.1415926-2.4-1.40.13 (TeX Live 2012) (format=pdflatex 2013.3.4)  17 AUG 2015 16:25
entering extended mode
 \write18 enabled.
 file:line:error style messages enabled.
 %&-line parsing enabled.
**wpaper.tex
(./wpaper.tex
LaTeX2e <2011/06/27>
Babel <v3.8m> and hyphenation patterns for english, dumylang, nohyphenation, ge
rman-x-2012-05-30, ngerman-x-2012-05-30, afrikaans, ancientgreek, ibycus, arabi
c, armenian, basque, bulgarian, catalan, pinyin, coptic, croatian, czech, danis
h, dutch, ukenglish, usenglishmax, esperanto, estonian, ethiopic, farsi, finnis
h, french, friulan, galician, german, ngerman, swissgerman, monogreek, greek, h
ungarian, icelandic, assamese, bengali, gujarati, hindi, kannada, malayalam, ma
rathi, oriya, panjabi, tamil, telugu, indonesian, interlingua, irish, italian, 
kurmanji, latin, latvian, lithuanian, mongolian, mongolianlmc, bokmal, nynorsk,
 polish, portuguese, romanian, romansh, russian, sanskrit, serbian, serbianc, s
lovak, slovenian, spanish, swedish, turkish, turkmen, ukrainian, uppersorbian, 
welsh, loaded.
(/usr/local/texlive/2012/texmf-dist/tex/latex/base/article.cls
Document Class: article 2007/10/19 v1.4h Standard LaTeX document class
(/usr/local/texlive/2012/texmf-dist/tex/latex/base/size10.clo
File: size10.clo 2007/10/19 v1.4h Standard LaTeX file (size option)
)
\c@part=\count79
\c@section=\count80
\c@subsection=\count81
\c@subsubsection=\count82
\c@paragraph=\count83
\c@subparagraph=\count84
\c@figure=\count85
\c@table=\count86
\abovecaptionskip=\skip41
\belowcaptionskip=\skip42
\bibindent=\dimen102
)
(/usr/local/texlive/2012/texmf-dist/tex/latex/amsmath/amsmath.sty
Package: amsmath 2000/07/18 v2.13 AMS math features
\@mathmargin=\skip43

For additional information on amsmath, use the `?' option.
(/usr/local/texlive/2012/texmf-dist/tex/latex/amsmath/amstext.sty
Package: amstext 2000/06/29 v2.01

(/usr/local/texlive/2012/texmf-dist/tex/latex/amsmath/amsgen.sty
File: amsgen.sty 1999/11/30 v2.0
\@emptytoks=\toks14
\ex@=\dimen103
))
(/usr/local/texlive/2012/texmf-dist/tex/latex/amsmath/amsbsy.sty
Package: amsbsy 1999/11/29 v1.2d
\pmbraise@=\dimen104
)
(/usr/local/texlive/2012/texmf-dist/tex/latex/amsmath/amsopn.sty
Package: amsopn 1999/12/14 v2.01 operator names
)
\inf@bad=\count87
LaTeX Info: Redefining \frac on input line 211.
\uproot@=\count88
\leftroot@=\count89
LaTeX Info: Redefining \overline on input line 307.
\classnum@=\count90
\DOTSCASE@=\count91
LaTeX Info: Redefining \ldots on input line 379.
LaTeX Info: Redefining \dots on input line 382.
LaTeX Info: Redefining \cdots on input line 467.
\Mathstrutbox@=\box26
\strutbox@=\box27
\big@size=\dimen105
LaTeX Font Info:    Redeclaring font encoding OML on input line 567.
LaTeX Font Info:    Redeclaring font encoding OMS on input line 568.
\macc@depth=\count92
\c@MaxMatrixCols=\count93
\dotsspace@=\muskip10
\c@parentequation=\count94
\dspbrk@lvl=\count95
\tag@help=\toks15
\row@=\count96
\column@=\count97
\maxfields@=\count98
\andhelp@=\toks16
\eqnshift@=\dimen106
\alignsep@=\dimen107
\tagshift@=\dimen108
\tagwidth@=\dimen109
\totwidth@=\dimen110
\lineht@=\dimen111
\@envbody=\toks17
\multlinegap=\skip44
\multlinetaggap=\skip45
\mathdisplay@stack=\toks18
LaTeX Info: Redefining \[ on input line 2666.
LaTeX Info: Redefining \] on input line 2667.
)
(/usr/local/texlive/2012/texmf-dist/tex/latex/amsfonts/amssymb.sty
Package: amssymb 2009/06/22 v3.00

(/usr/local/texlive/2012/texmf-dist/tex/latex/amsfonts/amsfonts.sty
Package: amsfonts 2009/06/22 v3.00 Basic AMSFonts support
\symAMSa=\mathgroup4
\symAMSb=\mathgroup5
LaTeX Font Info:    Overwriting math alphabet `\mathfrak' in version `bold'
(Font)                  U/euf/m/n --> U/euf/b/n on input line 96.
))
(/usr/local/texlive/2012/texmf-dist/tex/latex/graphics/graphicx.sty
Package: graphicx 1999/02/16 v1.0f Enhanced LaTeX Graphics (DPC,SPQR)

(/usr/local/texlive/2012/texmf-dist/tex/latex/graphics/keyval.sty
Package: keyval 1999/03/16 v1.13 key=value parser (DPC)
\KV@toks@=\toks19
)
(/usr/local/texlive/2012/texmf-dist/tex/latex/graphics/graphics.sty
Package: graphics 2009/02/05 v1.0o Standard LaTeX Graphics (DPC,SPQR)

(/usr/local/texlive/2012/texmf-dist/tex/latex/graphics/trig.sty
Package: trig 1999/03/16 v1.09 sin cos tan (DPC)
)
(/usr/local/texlive/2012/texmf-dist/tex/latex/latexconfig/graphics.cfg
File: graphics.cfg 2010/04/23 v1.9 graphics configuration of TeX Live
)
Package graphics Info: Driver file: pdftex.def on input line 91.

(/usr/local/texlive/2012/texmf-dist/tex/latex/pdftex-def/pdftex.def
File: pdftex.def 2011/05/27 v0.06d Graphics/color for pdfTeX

(/usr/local/texlive/2012/texmf-dist/tex/generic/oberdiek/infwarerr.sty
Package: infwarerr 2010/04/08 v1.3 Providing info/warning/error messages (HO)
)
(/usr/local/texlive/2012/texmf-dist/tex/generic/oberdiek/ltxcmds.sty
Package: ltxcmds 2011/11/09 v1.22 LaTeX kernel commands for general use (HO)
)
\Gread@gobject=\count99
))
\Gin@req@height=\dimen112
\Gin@req@width=\dimen113
)
(/usr/local/texlive/2012/texmf-dist/tex/latex/cite/cite.sty
LaTeX Info: Redefining \cite on input line 302.
LaTeX Info: Redefining \nocite on input line 373.
Package: cite 2010/09/10  v 5.3
)
(/usr/local/texlive/2012/texmf-dist/tex/latex/graphics/color.sty
Package: color 2005/11/14 v1.0j Standard LaTeX Color (DPC)

(/usr/local/texlive/2012/texmf-dist/tex/latex/latexconfig/color.cfg
File: color.cfg 2007/01/18 v1.5 color configuration of teTeX/TeXLive
)
Package color Info: Driver file: pdftex.def on input line 130.
)
(/usr/local/texlive/2012/texmf-dist/tex/latex/caption/caption.sty
Package: caption 2012/02/19 v3.2f Customizing captions (AR)

(/usr/local/texlive/2012/texmf-dist/tex/latex/caption/caption3.sty
Package: caption3 2012/01/12 v1.4b caption3 kernel (AR)
\captionmargin=\dimen114
\captionmargin@=\dimen115
\captionwidth=\dimen116
\caption@indent=\dimen117
\caption@parindent=\dimen118
\caption@hangindent=\dimen119
)
\c@ContinuedFloat=\count100
)
(./wpaper.aux

LaTeX Warning: Label `fig:medium_d_migration' multiply defined.

)
\openout1 = `wpaper.aux'.

LaTeX Font Info:    Checking defaults for OML/cmm/m/it on input line 66.
LaTeX Font Info:    ... okay on input line 66.
LaTeX Font Info:    Checking defaults for T1/cmr/m/n on input line 66.
LaTeX Font Info:    ... okay on input line 66.
LaTeX Font Info:    Checking defaults for OT1/cmr/m/n on input line 66.
LaTeX Font Info:    ... okay on input line 66.
LaTeX Font Info:    Checking defaults for OMS/cmsy/m/n on input line 66.
LaTeX Font Info:    ... okay on input line 66.
LaTeX Font Info:    Checking defaults for OMX/cmex/m/n on input line 66.
LaTeX Font Info:    ... okay on input line 66.
LaTeX Font Info:    Checking defaults for U/cmr/m/n on input line 66.
LaTeX Font Info:    ... okay on input line 66.
 (/usr/local/texlive/2012/texmf-dist/tex/context/base/supp-pdf.mkii
[Loading MPS to PDF converter (version 2006.09.02).]
\scratchcounter=\count101
\scratchdimen=\dimen120
\scratchbox=\box28
\nofMPsegments=\count102
\nofMParguments=\count103
\everyMPshowfont=\toks20
\MPscratchCnt=\count104
\MPscratchDim=\dimen121
\MPnumerator=\count105
\makeMPintoPDFobject=\count106
\everyMPtoPDFconversion=\toks21
) (/usr/local/texlive/2012/texmf-dist/tex/generic/oberdiek/pdftexcmds.sty
Package: pdftexcmds 2011/11/29 v0.20 Utility functions of pdfTeX for LuaTeX (HO
)

(/usr/local/texlive/2012/texmf-dist/tex/generic/oberdiek/ifluatex.sty
Package: ifluatex 2010/03/01 v1.3 Provides the ifluatex switch (HO)
Package ifluatex Info: LuaTeX not detected.
)
(/usr/local/texlive/2012/texmf-dist/tex/generic/oberdiek/ifpdf.sty
Package: ifpdf 2011/01/30 v2.3 Provides the ifpdf switch (HO)
Package ifpdf Info: pdfTeX in PDF mode is detected.
)
Package pdftexcmds Info: LuaTeX not detected.
Package pdftexcmds Info: \pdf@primitive is available.
Package pdftexcmds Info: \pdf@ifprimitive is available.
Package pdftexcmds Info: \pdfdraftmode found.
)
(/usr/local/texlive/2012/texmf-dist/tex/latex/oberdiek/epstopdf-base.sty
Package: epstopdf-base 2010/02/09 v2.5 Base part for package epstopdf

(/usr/local/texlive/2012/texmf-dist/tex/latex/oberdiek/grfext.sty
Package: grfext 2010/08/19 v1.1 Manage graphics extensions (HO)

(/usr/local/texlive/2012/texmf-dist/tex/generic/oberdiek/kvdefinekeys.sty
Package: kvdefinekeys 2011/04/07 v1.3 Define keys (HO)
))
(/usr/local/texlive/2012/texmf-dist/tex/latex/oberdiek/kvoptions.sty
Package: kvoptions 2011/06/30 v3.11 Key value format for package options (HO)

(/usr/local/texlive/2012/texmf-dist/tex/generic/oberdiek/kvsetkeys.sty
Package: kvsetkeys 2012/04/25 v1.16 Key value parser (HO)

(/usr/local/texlive/2012/texmf-dist/tex/generic/oberdiek/etexcmds.sty
Package: etexcmds 2011/02/16 v1.5 Avoid name clashes with e-TeX commands (HO)
Package etexcmds Info: Could not find \expanded.
(etexcmds)             That can mean that you are not using pdfTeX 1.50 or
(etexcmds)             that some package has redefined \expanded.
(etexcmds)             In the latter case, load this package earlier.
)))
Package grfext Info: Graphics extension search list:
(grfext)             [.png,.pdf,.jpg,.mps,.jpeg,.jbig2,.jb2,.PNG,.PDF,.JPG,.JPE
G,.JBIG2,.JB2,.eps]
(grfext)             \AppendGraphicsExtensions on input line 452.

(/usr/local/texlive/2012/texmf-dist/tex/latex/latexconfig/epstopdf-sys.cfg
File: epstopdf-sys.cfg 2010/07/13 v1.3 Configuration of (r)epstopdf for TeX Liv
e
))
Package caption Info: Begin \AtBeginDocument code.
Package caption Info: End \AtBeginDocument code.
LaTeX Font Info:    Try loading font information for U+msa on input line 75.

(/usr/local/texlive/2012/texmf-dist/tex/latex/amsfonts/umsa.fd
File: umsa.fd 2009/06/22 v3.00 AMS symbols A
)
LaTeX Font Info:    Try loading font information for U+msb on input line 75.

(/usr/local/texlive/2012/texmf-dist/tex/latex/amsfonts/umsb.fd
File: umsb.fd 2009/06/22 v3.00 AMS symbols B
)
(../sections/abstract.tex)
Underfull \hbox (badness 10000) in paragraph at lines 1--92

 []

[1{/usr/local/texlive/2012/texmf-var/fonts/map/pdftex/updmap/pdftex.map}

]
(../sections/intro.tex
Underfull \hbox (badness 10000) in paragraph at lines 8--9

 []


Underfull \hbox (badness 10000) in paragraph at lines 10--11

 []

Missing character: There is no Ô in font cmr10!
Missing character: There is no Ô in font cmr10!
Missing character: There is no Õ in font cmr10!
Missing character: There is no Õ in font cmr10!

Underfull \hbox (badness 10000) in paragraph at lines 12--13

 []


Underfull \hbox (badness 10000) in paragraph at lines 14--15

 []

) (../sections/model.tex
Underfull \hbox (badness 10000) in paragraph at lines 2--4

 []


Underfull \hbox (badness 10000) in paragraph at lines 5--8

 []

[2

]
Underfull \hbox (badness 10000) in paragraph at lines 9--10

 []


Underfull \hbox (badness 10000) in paragraph at lines 11--12

 []

) (../sections/results.tex
Underfull \hbox (badness 10000) in paragraph at lines 2--3

 []


LaTeX Warning: Reference `fig:configurations_t200' on page 3 undefined on input
 line 4.


LaTeX Warning: Reference `fig:configurations_t200' on page 3 undefined on input
 line 4.


LaTeX Warning: Reference `fig:configurations_t200' on page 3 undefined on input
 line 4.


LaTeX Warning: Reference `figSI' on page 3 undefined on input line 4.


Underfull \hbox (badness 10000) in paragraph at lines 4--5

 []


LaTeX Warning: Reference `fig:configurations_t200' on page 3 undefined on input
 line 6.


LaTeX Warning: Reference `fig:configurations_t200' on page 3 undefined on input
 line 6.


LaTeX Warning: Reference `fig:configurations_t200' on page 3 undefined on input
 line 6.


LaTeX Warning: Reference `fig:configurations_t200' on page 3 undefined on input
 line 6.


Underfull \hbox (badness 10000) in paragraph at lines 6--7

 []

[3]

LaTeX Warning: Reference `fig:configurations_t200_M11plus' on page 4 undefined 
on input line 8.


LaTeX Warning: Reference `fig:configurations_t200_M11plus' on page 4 undefined 
on input line 8.


Underfull \hbox (badness 10000) in paragraph at lines 8--9

 []


LaTeX Warning: Reference `fig:configurations_t200_M11plus' on page 4 undefined 
on input line 10.


LaTeX Warning: Reference `fig:configurations_t200_M11plus' on page 4 undefined 
on input line 10.


LaTeX Warning: Reference `fig:configurations_t200_M11plus' on page 4 undefined 
on input line 10.


LaTeX Warning: Reference `fig:configurations_t200_M11plus' on page 4 undefined 
on input line 10.


Underfull \hbox (badness 10000) in paragraph at lines 10--11

 []


Underfull \hbox (badness 10000) in paragraph at lines 12--13

 []


Underfull \hbox (badness 10000) in paragraph at lines 16--17

 []

[4]) (../sections/discussion.tex) (../sections/conclusion.tex

LaTeX Warning: Reference `fig:phase_transitions' on page 5 undefined on input l
ine 2.


Underfull \hbox (badness 10000) in paragraph at lines 2--3

 []


LaTeX Warning: Reference `fig:cooperation_M' on page 5 undefined on input line 
4.


Underfull \hbox (badness 10000) in paragraph at lines 4--5

 []


LaTeX Warning: Reference `fig:configurations' on page 5 undefined on input line
 6.

) (./wpaper.bbl [5]) [6] (../sections/figures.tex
Package epstopdf Info: Source file: <../figures2/heatmaps.eps>
(epstopdf)                    date: 2015-08-17 15:06:01
(epstopdf)                    size: 4276194 bytes
(epstopdf)             Output file: <../figures2/heatmaps-eps-converted-to.pdf>

(epstopdf)                    date: 2015-08-17 15:28:27
(epstopdf)                    size: 230406 bytes
(epstopdf)             Command: <epstopdf --outfile=../figures2/heatmaps-eps-co
nverted-to.pdf ../figures2/heatmaps.eps>
(epstopdf)             \includegraphics on input line 4.
Package epstopdf Info: Output file is already uptodate.

<../figures2/heatmaps-eps-converted-to.pdf, id=32, 1116.17pt x 1002.74625pt>
File: ../figures2/heatmaps-eps-converted-to.pdf Graphic file (type pdf)

<use ../figures2/heatmaps-eps-converted-to.pdf>
Package pdftex.def Info: ../figures2/heatmaps-eps-converted-to.pdf used on inpu
t line 4.
(pdftex.def)             Requested size: 398.33858pt x 357.85175pt.


LaTeX Warning: `h' float specifier changed to `ht'.

Package epstopdf Info: Source file: <../figures2/phase_transition_d05_paper.eps
>
(epstopdf)                    date: 2015-08-17 13:44:44
(epstopdf)                    size: 977274 bytes
(epstopdf)             Output file: <../figures2/phase_transition_d05_paper-eps
-converted-to.pdf>
(epstopdf)                    date: 2015-08-17 15:28:28
(epstopdf)                    size: 47066 bytes
(epstopdf)             Command: <epstopdf --outfile=../figures2/phase_transitio
n_d05_paper-eps-converted-to.pdf ../figures2/phase_transition_d05_paper.eps>
(epstopdf)             \includegraphics on input line 15.
Package epstopdf Info: Output file is already uptodate.

<../figures2/phase_transition_d05_paper-eps-converted-to.pdf, id=33, 520.94624p
t x 406.51875pt>
File: ../figures2/phase_transition_d05_paper-eps-converted-to.pdf Graphic file 
(type pdf)

<use ../figures2/phase_transition_d05_paper-eps-converted-to.pdf>
Package pdftex.def Info: ../figures2/phase_transition_d05_paper-eps-converted-t
o.pdf used on input line 15.
(pdftex.def)             Requested size: 256.0748pt x 199.82863pt.


LaTeX Warning: `h' float specifier changed to `ht'.

) [7

] [8 <../figures2/heatmaps-eps-converted-to.pdf>] [9 <../figures2/phase_transit
ion_d05_paper-eps-converted-to.pdf>] (../sections/SI.tex
Underfull \hbox (badness 10000) in paragraph at lines 7--8

 []


Underfull \hbox (badness 10000) in paragraph at lines 9--10

 []


LaTeX Warning: Citation `degreeofseparationonFacebook' on page 10 undefined on 
input line 11.


Underfull \hbox (badness 10000) in paragraph at lines 11--12

 []


Underfull \hbox (badness 10000) in paragraph at lines 13--14

 []


Underfull \hbox (badness 10000) in paragraph at lines 15--16

 []


Underfull \hbox (badness 10000) in paragraph at lines 17--18

 []


Underfull \hbox (badness 10000) in paragraph at lines 19--20

 []


LaTeX Warning: Citation `solomon' on page 10 undefined on input line 21.


Underfull \hbox (badness 10000) in paragraph at lines 21--22

 []

[10

]
Underfull \hbox (badness 10000) in paragraph at lines 23--24

 []

[11]
Package epstopdf Info: Source file: <../figures2/migration_diagram.eps>
(epstopdf)                    date: 2015-08-17 14:48:43
(epstopdf)                    size: 1818522 bytes
(epstopdf)             Output file: <../figures2/migration_diagram-eps-converte
d-to.pdf>
(epstopdf)                    date: 2015-08-17 15:30:13
(epstopdf)                    size: 130659 bytes
(epstopdf)             Command: <epstopdf --outfile=../figures2/migration_diagr
am-eps-converted-to.pdf ../figures2/migration_diagram.eps>
(epstopdf)             \includegraphics on input line 60.
Package epstopdf Info: Output file is already uptodate.

<../figures2/migration_diagram-eps-converted-to.pdf, id=74, 419.5675pt x 410.53
375pt>
File: ../figures2/migration_diagram-eps-converted-to.pdf Graphic file (type pdf
)
 <use ../figures2/migration_diagram-eps-converted-to.pdf>
Package pdftex.def Info: ../figures2/migration_diagram-eps-converted-to.pdf use
d on input line 60.
(pdftex.def)             Requested size: 256.0748pt x 250.56303pt.
Missing character: There is no Ô in font cmr10!
Missing character: There is no Ô in font cmr10!
Missing character: There is no Õ in font cmr10!
Missing character: There is no Õ in font cmr10!
Missing character: There is no Ô in font cmr10!
Missing character: There is no Ô in font cmr10!
Missing character: There is no Õ in font cmr10!
Missing character: There is no Õ in font cmr10!
Missing character: There is no Ô in font cmr10!
Missing character: There is no Ô in font cmr10!
Missing character: There is no Õ in font cmr10!
Missing character: There is no Õ in font cmr10!
 [12 <../figures2/migration_diagram-eps-converted-to.pdf>]
Missing character: There is no Ô in font cmr10!
Missing character: There is no Ô in font cmr10!
Missing character: There is no Õ in font cmr10!
Missing character: There is no Õ in font cmr10!

Underfull \hbox (badness 10000) in paragraph at lines 164--165

 []

[13]
Underfull \hbox (badness 10000) in paragraph at lines 166--167

 []


Underfull \hbox (badness 10000) in paragraph at lines 176--177

 []


Underfull \hbox (badness 10000) in paragraph at lines 178--179

 []

Package epstopdf Info: Source file: <../figures/configurations_d09_s0.eps>
(epstopdf)                    date: 2015-08-17 14:48:42
(epstopdf)                    size: 1767474 bytes
(epstopdf)             Output file: <../figures/configurations_d09_s0-eps-conve
rted-to.pdf>
(epstopdf)                    date: 2015-08-17 14:48:42
(epstopdf)                    size: 46745 bytes
(epstopdf)             Command: <epstopdf --outfile=../figures/configurations_d
09_s0-eps-converted-to.pdf ../figures/configurations_d09_s0.eps>
(epstopdf)             \includegraphics on input line 193.
Package epstopdf Info: Output file is already uptodate.

<../figures/configurations_d09_s0-eps-converted-to.pdf, id=89, 878.28125pt x 67
6.5275pt>
File: ../figures/configurations_d09_s0-eps-converted-to.pdf Graphic file (type 
pdf)
 <use ../figures/configurations_d09_s0-eps-converted-to.pdf>
Package pdftex.def Info: ../figures/configurations_d09_s0-eps-converted-to.pdf 
used on input line 193.
(pdftex.def)             Requested size: 341.43306pt x 263.0085pt.

Underfull \hbox (badness 10000) in paragraph at lines 201--202

 []


LaTeX Warning: File `../figures/configuration_d09_s0.eps' not found on input li
ne 205.

Package epstopdf Info: Source file: <../figures/configuration_d09_s0.eps>
(epstopdf)             Output file: <../figures/configuration_d09_s0-eps-conver
ted-to.pdf>
(epstopdf)                    date: 2015-08-17 14:48:42
(epstopdf)                    size: 18318682 bytes
(epstopdf)             Command: <epstopdf --outfile=../figures/configuration_d0
9_s0-eps-converted-to.pdf ../figures/configuration_d09_s0.eps>
(epstopdf)             \includegraphics on input line 205.
Package epstopdf Info: Output file is already uptodate.

<../figures/configuration_d09_s0-eps-converted-to.pdf, id=90, 712.6625pt x 1106
.1325pt>
File: ../figures/configuration_d09_s0-eps-converted-to.pdf Graphic file (type p
df)
 <use ../figures/configuration_d09_s0-eps-converted-to.pdf>
Package pdftex.def Info: ../figures/configuration_d09_s0-eps-converted-to.pdf u
sed on input line 205.
(pdftex.def)             Requested size: 369.88582pt x 574.09514pt.


LaTeX Warning: Float too large for page by 64.98723pt on input line 209.

[14] [15 <../figures/configurations_d09_s0-eps-converted-to.pdf>] [16 <../figur
es/configuration_d09_s0-eps-converted-to.pdf>]
Package epstopdf Info: Source file: <../figures/TimeSeriesPhaseTransitions.eps>

(epstopdf)                    date: 2015-08-17 14:48:41
(epstopdf)                    size: 7921102 bytes
(epstopdf)             Output file: <../figures/TimeSeriesPhaseTransitions-eps-
converted-to.pdf>
(epstopdf)                    date: 2015-08-17 14:48:41
(epstopdf)                    size: 506427 bytes
(epstopdf)             Command: <epstopdf --outfile=../figures/TimeSeriesPhaseT
ransitions-eps-converted-to.pdf ../figures/TimeSeriesPhaseTransitions.eps>
(epstopdf)             \includegraphics on input line 230.
Package epstopdf Info: Output file is already uptodate.

<../figures/TimeSeriesPhaseTransitions-eps-converted-to.pdf, id=134, 2173.11874
pt x 2589.675pt>
File: ../figures/TimeSeriesPhaseTransitions-eps-converted-to.pdf Graphic file (
type pdf)

<use ../figures/TimeSeriesPhaseTransitions-eps-converted-to.pdf>
Package pdftex.def Info: ../figures/TimeSeriesPhaseTransitions-eps-converted-to
.pdf used on input line 230.
(pdftex.def)             Requested size: 398.33858pt x 474.6962pt.


LaTeX Warning: Reference `fig:configurations_t200_M11plus' on page 17 undefined
 on input line 231.


LaTeX Warning: Reference `fig:configurations_t200_M11plus' on page 17 undefined
 on input line 231.


LaTeX Warning: Float too large for page by 73.58829pt on input line 234.

Package epstopdf Info: Source file: <../figures/configuration_d05_s0.eps>
(epstopdf)                    date: 2015-08-17 14:48:41
(epstopdf)                    size: 9370202 bytes
(epstopdf)             Output file: <../figures/configuration_d05_s0-eps-conver
ted-to.pdf>
(epstopdf)                    date: 2015-08-17 14:48:41
(epstopdf)                    size: 2989036 bytes
(epstopdf)             Command: <epstopdf --outfile=../figures/configuration_d0
5_s0-eps-converted-to.pdf ../figures/configuration_d05_s0.eps>
(epstopdf)             \includegraphics on input line 248.
Package epstopdf Info: Output file is already uptodate.

<../figures/configuration_d05_s0-eps-converted-to.pdf, id=135, 850.17625pt x 73
4.745pt>
File: ../figures/configuration_d05_s0-eps-converted-to.pdf Graphic file (type p
df)
 <use ../figures/configuration_d05_s0-eps-converted-to.pdf>
Package pdftex.def Info: ../figures/configuration_d05_s0-eps-converted-to.pdf u
sed on input line 248.
(pdftex.def)             Requested size: 369.88582pt x 319.66754pt.
) [17

]
[18 <../figures/TimeSeriesPhaseTransitions-eps-converted-to.pdf>] [19 <../figur
es/configuration_d05_s0-eps-converted-to.pdf>] (./wpaper.aux)

LaTeX Warning: There were undefined references.


LaTeX Warning: There were multiply-defined labels.

 ) 
Here is how much of TeX's memory you used:
 3631 strings out of 493488
 54596 string characters out of 3141327
 112612 words of memory out of 3000000
 6845 multiletter control sequences out of 15000+200000
 11903 words of font info for 46 fonts, out of 3000000 for 9000
 957 hyphenation exceptions out of 8191
 38i,6n,38p,1718b,335s stack positions out of 5000i,500n,10000p,200000b,50000s
</usr/local/texlive/2012/texmf-dist/fonts/type1/public/amsfonts/cm/cmbx10.pfb
></usr/local/texlive/2012/texmf-dist/fonts/type1/public/amsfonts/cm/cmbx12.pfb>
</usr/local/texlive/2012/texmf-dist/fonts/type1/public/amsfonts/cm/cmex10.pfb><
/usr/local/texlive/2012/texmf-dist/fonts/type1/public/amsfonts/cm/cmmi10.pfb></
usr/local/texlive/2012/texmf-dist/fonts/type1/public/amsfonts/cm/cmmi12.pfb></u
sr/local/texlive/2012/texmf-dist/fonts/type1/public/amsfonts/cm/cmmi7.pfb></usr
/local/texlive/2012/texmf-dist/fonts/type1/public/amsfonts/cm/cmr10.pfb></usr/l
ocal/texlive/2012/texmf-dist/fonts/type1/public/amsfonts/cm/cmr12.pfb></usr/loc
al/texlive/2012/texmf-dist/fonts/type1/public/amsfonts/cm/cmr7.pfb></usr/local/
texlive/2012/texmf-dist/fonts/type1/public/amsfonts/cm/cmsy10.pfb></usr/local/t
exlive/2012/texmf-dist/fonts/type1/public/amsfonts/cm/cmsy7.pfb></usr/local/tex
live/2012/texmf-dist/fonts/type1/public/amsfonts/cm/cmti10.pfb></usr/local/texl
ive/2012/texmf-dist/fonts/type1/public/amsfonts/symbols/msam10.pfb>
Output written on wpaper.pdf (19 pages, 22275461 bytes).
PDF statistics:
 206 PDF objects out of 1000 (max. 8388607)
 116 compressed objects within 2 object streams
 0 named destinations out of 1000 (max. 500000)
 36 words of extra memory for PDF output out of 10000 (max. 10000000)

